# JRE version: OpenJDK Runtime Environment (8.0_112-b06) (build 1.8.0_112-release-b06)
# Java VM: OpenJDK 64-Bit Server VM (25.112-b06 mixed mode linux-amd64 compressed oops)
Heap:
 PSYoungGen      total 136192K, used 6252K [0x00000000e0000000, 0x00000000e9000000, 0x0000000100000000)
  eden space 124928K, 0% used [0x00000000e0000000,0x00000000e0000000,0x00000000e7a00000)
  from space 11264K, 55% used [0x00000000e7a00000,0x00000000e801b2c8,0x00000000e8500000)
  to   space 11264K, 0% used [0x00000000e8500000,0x00000000e8500000,0x00000000e9000000)
 ParOldGen       total 46080K, used 11864K [0x00000000a0000000, 0x00000000a2d00000, 0x00000000e0000000)
  object space 46080K, 25% used [0x00000000a0000000,0x00000000a0b961c8,0x00000000a2d00000)
 Metaspace       used 34646K, capacity 35430K, committed 35496K, reserved 1079296K
  class space    used 4613K, capacity 4837K, committed 4864K, reserved 1048576K
GC Heap History (10 events):
Event: 165.932 GC heap after
Heap after GC invocations=5 (full 1):
 PSYoungGen      total 36864K, used 0K [0x00000000e0000000, 0x00000000e4800000, 0x0000000100000000)
  eden space 31744K, 0% used [0x00000000e0000000,0x00000000e0000000,0x00000000e1f00000)
  from space 5120K, 0% used [0x00000000e2400000,0x00000000e2400000,0x00000000e2900000)
  to   space 5120K, 0% used [0x00000000e1f00000,0x00000000e1f00000,0x00000000e2400000)
 ParOldGen       total 46080K, used 8452K [0x00000000a0000000, 0x00000000a2d00000, 0x00000000e0000000)
  object space 46080K, 18% used [0x00000000a0000000,0x00000000a0841148,0x00000000a2d00000)
 Metaspace       used 20710K, capacity 21080K, committed 21296K, reserved 1067008K
  class space    used 2673K, capacity 2822K, committed 2944K, reserved 1048576K
}
Event: 166.277 GC heap before
{Heap before GC invocations=6 (full 1):
 PSYoungGen      total 36864K, used 31744K [0x00000000e0000000, 0x00000000e4800000, 0x0000000100000000)
  eden space 31744K, 100% used [0x00000000e0000000,0x00000000e1f00000,0x00000000e1f00000)
  from space 5120K, 0% used [0x00000000e2400000,0x00000000e2400000,0x00000000e2900000)
  to   space 5120K, 0% used [0x00000000e1f00000,0x00000000e1f00000,0x00000000e2400000)
 ParOldGen       total 46080K, used 8452K [0x00000000a0000000, 0x00000000a2d00000, 0x00000000e0000000)
  object space 46080K, 18% used [0x00000000a0000000,0x00000000a0841148,0x00000000a2d00000)
 Metaspace       used 23990K, capacity 24516K, committed 24832K, reserved 1071104K
  class space    used 3118K, capacity 3298K, committed 3328K, reserved 1048576K
Event: 166.281 GC heap after
Heap after GC invocations=6 (full 1):
 PSYoungGen      total 36864K, used 4299K [0x00000000e0000000, 0x00000000e5280000, 0x0000000100000000)
  eden space 31744K, 0% used [0x00000000e0000000,0x00000000e0000000,0x00000000e1f00000)
  from space 5120K, 83% used [0x00000000e1f00000,0x00000000e2332fa8,0x00000000e2400000)
  to   space 10752K, 0% used [0x00000000e4800000,0x00000000e4800000,0x00000000e5280000)
 ParOldGen       total 46080K, used 8452K [0x00000000a0000000, 0x00000000a2d00000, 0x00000000e0000000)
  object space 46080K, 18% used [0x00000000a0000000,0x00000000a0841148,0x00000000a2d00000)
 Metaspace       used 23990K, capacity 24516K, committed 24832K, reserved 1071104K
  class space    used 3118K, capacity 3298K, committed 3328K, reserved 1048576K
}
Event: 166.640 GC heap before
{Heap before GC invocations=7 (full 1):
 PSYoungGen      total 36864K, used 36043K [0x00000000e0000000, 0x00000000e5280000, 0x0000000100000000)
  eden space 31744K, 100% used [0x00000000e0000000,0x00000000e1f00000,0x00000000e1f00000)
  from space 5120K, 83% used [0x00000000e1f00000,0x00000000e2332fa8,0x00000000e2400000)
  to   space 10752K, 0% used [0x00000000e4800000,0x00000000e4800000,0x00000000e5280000)
 ParOldGen       total 46080K, used 8452K [0x00000000a0000000, 0x00000000a2d00000, 0x00000000e0000000)
  object space 46080K, 18% used [0x00000000a0000000,0x00000000a0841148,0x00000000a2d00000)
 Metaspace       used 26584K, capacity 27082K, committed 27264K, reserved 1073152K
  class space    used 3514K, capacity 3679K, committed 3712K, reserved 1048576K
Event: 166.645 GC heap after
Heap after GC invocations=7 (full 1):
 PSYoungGen      total 72704K, used 5662K [0x00000000e0000000, 0x00000000e5180000, 0x0000000100000000)
  eden space 62976K, 0% used [0x00000000e0000000,0x00000000e0000000,0x00000000e3d80000)
  from space 9728K, 58% used [0x00000000e4800000,0x00000000e4d879b8,0x00000000e5180000)
  to   space 10240K, 0% used [0x00000000e3d80000,0x00000000e3d80000,0x00000000e4780000)
 ParOldGen       total 46080K, used 8460K [0x00000000a0000000, 0x00000000a2d00000, 0x00000000e0000000)
  object space 46080K, 18% used [0x00000000a0000000,0x00000000a0843148,0x00000000a2d00000)
 Metaspace       used 26584K, capacity 27082K, committed 27264K, reserved 1073152K
  class space    used 3514K, capacity 3679K, committed 3712K, reserved 1048576K
}
Event: 167.271 GC heap before
{Heap before GC invocations=8 (full 1):
 PSYoungGen      total 72704K, used 68638K [0x00000000e0000000, 0x00000000e5180000, 0x0000000100000000)
  eden space 62976K, 100% used [0x00000000e0000000,0x00000000e3d80000,0x00000000e3d80000)
  from space 9728K, 58% used [0x00000000e4800000,0x00000000e4d879b8,0x00000000e5180000)
  to   space 10240K, 0% used [0x00000000e3d80000,0x00000000e3d80000,0x00000000e4780000)
 ParOldGen       total 46080K, used 8460K [0x00000000a0000000, 0x00000000a2d00000, 0x00000000e0000000)
  object space 46080K, 18% used [0x00000000a0000000,0x00000000a0843148,0x00000000a2d00000)
 Metaspace       used 31340K, capacity 32012K, committed 32128K, reserved 1077248K
  class space    used 4267K, capacity 4444K, committed 4480K, reserved 1048576K
Event: 167.279 GC heap after
Heap after GC invocations=8 (full 1):
 PSYoungGen      total 73216K, used 10002K [0x00000000e0000000, 0x00000000e9000000, 0x0000000100000000)
  eden space 62976K, 0% used [0x00000000e0000000,0x00000000e0000000,0x00000000e3d80000)
  from space 10240K, 97% used [0x00000000e3d80000,0x00000000e4744940,0x00000000e4780000)
  to   space 11264K, 0% used [0x00000000e8500000,0x00000000e8500000,0x00000000e9000000)
 ParOldGen       total 46080K, used 8468K [0x00000000a0000000, 0x00000000a2d00000, 0x00000000e0000000)
  object space 46080K, 18% used [0x00000000a0000000,0x00000000a0845148,0x00000000a2d00000)
 Metaspace       used 31340K, capacity 32012K, committed 32128K, reserved 1077248K
  class space    used 4267K, capacity 4444K, committed 4480K, reserved 1048576K
}
Event: 167.646 GC heap before
{Heap before GC invocations=9 (full 1):
 PSYoungGen      total 73216K, used 72978K [0x00000000e0000000, 0x00000000e9000000, 0x0000000100000000)
  eden space 62976K, 100% used [0x00000000e0000000,0x00000000e3d80000,0x00000000e3d80000)
  from space 10240K, 97% used [0x00000000e3d80000,0x00000000e4744940,0x00000000e4780000)
  to   space 11264K, 0% used [0x00000000e8500000,0x00000000e8500000,0x00000000e9000000)
 ParOldGen       total 46080K, used 8468K [0x00000000a0000000, 0x00000000a2d00000, 0x00000000e0000000)
  object space 46080K, 18% used [0x00000000a0000000,0x00000000a0845148,0x00000000a2d00000)
 Metaspace       used 31898K, capacity 32586K, committed 32768K, reserved 1077248K
  class space    used 4278K, capacity 4481K, committed 4608K, reserved 1048576K
Event: 167.658 GC heap after
Heap after GC invocations=9 (full 1):
 PSYoungGen      total 136192K, used 7588K [0x00000000e0000000, 0x00000000e9000000, 0x0000000100000000)
  eden space 124928K, 0% used [0x00000000e0000000,0x00000000e0000000,0x00000000e7a00000)
  from space 11264K, 67% used [0x00000000e8500000,0x00000000e8c69040,0x00000000e9000000)
  to   space 11264K, 0% used [0x00000000e7a00000,0x00000000e7a00000,0x00000000e8500000)
 ParOldGen       total 46080K, used 8476K [0x00000000a0000000, 0x00000000a2d00000, 0x00000000e0000000)
  object space 46080K, 18% used [0x00000000a0000000,0x00000000a0847148,0x00000000a2d00000)
 Metaspace       used 31898K, capacity 32586K, committed 32768K, reserved 1077248K
  class space    used 4278K, capacity 4481K, committed 4608K, reserved 1048576K
}
Event: 168.141 GC heap before
{Heap before GC invocations=10 (full 1):
 PSYoungGen      total 136192K, used 39608K [0x00000000e0000000, 0x00000000e9000000, 0x0000000100000000)
  eden space 124928K, 25% used [0x00000000e0000000,0x00000000e1f450c8,0x00000000e7a00000)
  from space 11264K, 67% used [0x00000000e8500000,0x00000000e8c69040,0x00000000e9000000)
  to   space 11264K, 0% used [0x00000000e7a00000,0x00000000e7a00000,0x00000000e8500000)
 ParOldGen       total 46080K, used 8476K [0x00000000a0000000, 0x00000000a2d00000, 0x00000000e0000000)
  object space 46080K, 18% used [0x00000000a0000000,0x00000000a0847148,0x00000000a2d00000)
 Metaspace       used 34646K, capacity 35430K, committed 35496K, reserved 1079296K
  class space    used 4613K, capacity 4837K, committed 4864K, reserved 1048576K

